C:\Users\helene\source\repos\ExpressApp1\ExpressApp1\app.js
C:\Users\helene\source\repos\ExpressApp1\ExpressApp1\app.js.map
C:\Users\helene\source\repos\ExpressApp1\ExpressApp1\routes\index.js
C:\Users\helene\source\repos\ExpressApp1\ExpressApp1\routes\index.js.map
C:\Users\helene\source\repos\ExpressApp1\ExpressApp1\routes\routes.js
C:\Users\helene\source\repos\ExpressApp1\ExpressApp1\routes\routes.js.map
C:\Users\helene\source\repos\ExpressApp1\ExpressApp1\routes\user.js
C:\Users\helene\source\repos\ExpressApp1\ExpressApp1\routes\user.js.map
C:\Users\helene\source\repos\ExpressApp1\ExpressApp1\config\database.js
C:\Users\helene\source\repos\ExpressApp1\ExpressApp1\config\database.js.map
C:\Users\helene\source\repos\ExpressApp1\ExpressApp1\config\passport.js
C:\Users\helene\source\repos\ExpressApp1\ExpressApp1\config\passport.js.map
C:\Users\helene\source\repos\ExpressApp1\ExpressApp1\app.js
C:\Users\helene\source\repos\ExpressApp1\ExpressApp1\app.js.map
C:\Users\helene\source\repos\ExpressApp1\ExpressApp1\routes\index.js
C:\Users\helene\source\repos\ExpressApp1\ExpressApp1\routes\index.js.map
C:\Users\helene\source\repos\ExpressApp1\ExpressApp1\routes\routes.js
C:\Users\helene\source\repos\ExpressApp1\ExpressApp1\routes\routes.js.map
C:\Users\helene\source\repos\ExpressApp1\ExpressApp1\routes\user.js
C:\Users\helene\source\repos\ExpressApp1\ExpressApp1\routes\user.js.map
C:\Users\helene\source\repos\ExpressApp1\ExpressApp1\config\database.js
C:\Users\helene\source\repos\ExpressApp1\ExpressApp1\config\database.js.map
C:\Users\helene\source\repos\ExpressApp1\ExpressApp1\config\passport.js
C:\Users\helene\source\repos\ExpressApp1\ExpressApp1\config\passport.js.map
C:\Users\helene\source\repos\ExpressApp1\ExpressApp1\app.js
C:\Users\helene\source\repos\ExpressApp1\ExpressApp1\app.js.map
C:\Users\helene\source\repos\ExpressApp1\ExpressApp1\routes\index.js
C:\Users\helene\source\repos\ExpressApp1\ExpressApp1\routes\index.js.map
C:\Users\helene\source\repos\ExpressApp1\ExpressApp1\routes\routes.js
C:\Users\helene\source\repos\ExpressApp1\ExpressApp1\routes\routes.js.map
C:\Users\helene\source\repos\ExpressApp1\ExpressApp1\routes\user.js
C:\Users\helene\source\repos\ExpressApp1\ExpressApp1\routes\user.js.map
C:\Users\helene\source\repos\ExpressApp1\ExpressApp1\config\database.js
C:\Users\helene\source\repos\ExpressApp1\ExpressApp1\config\database.js.map
C:\Users\helene\source\repos\ExpressApp1\ExpressApp1\config\passport.js
C:\Users\helene\source\repos\ExpressApp1\ExpressApp1\config\passport.js.map
C:\Users\helene\Desktop\csc470new\csc470\app.js
C:\Users\helene\Desktop\csc470new\csc470\app.js.map
C:\Users\helene\Desktop\csc470new\csc470\routes\index.js
C:\Users\helene\Desktop\csc470new\csc470\routes\index.js.map
C:\Users\helene\Desktop\csc470new\csc470\routes\routes.js
C:\Users\helene\Desktop\csc470new\csc470\routes\routes.js.map
C:\Users\helene\Desktop\csc470new\csc470\routes\user.js
C:\Users\helene\Desktop\csc470new\csc470\routes\user.js.map
C:\Users\helene\Desktop\csc470new\csc470\config\database.js
C:\Users\helene\Desktop\csc470new\csc470\config\database.js.map
C:\Users\helene\Desktop\csc470new\csc470\config\passport.js
C:\Users\helene\Desktop\csc470new\csc470\config\passport.js.map
C:\Users\helene\Desktop\csc470new\csc470\app.js
C:\Users\helene\Desktop\csc470new\csc470\app.js.map
C:\Users\helene\Desktop\csc470new\csc470\routes\index.js
C:\Users\helene\Desktop\csc470new\csc470\routes\index.js.map
C:\Users\helene\Desktop\csc470new\csc470\routes\routes.js
C:\Users\helene\Desktop\csc470new\csc470\routes\routes.js.map
C:\Users\helene\Desktop\csc470new\csc470\routes\user.js
C:\Users\helene\Desktop\csc470new\csc470\routes\user.js.map
C:\Users\helene\Desktop\csc470new\csc470\config\database.js
C:\Users\helene\Desktop\csc470new\csc470\config\database.js.map
C:\Users\helene\Desktop\csc470new\csc470\config\passport.js
C:\Users\helene\Desktop\csc470new\csc470\config\passport.js.map
C:\Users\helene\Desktop\csc470new\csc470\app.js
C:\Users\helene\Desktop\csc470new\csc470\app.js.map
C:\Users\helene\Desktop\csc470new\csc470\routes\index.js
C:\Users\helene\Desktop\csc470new\csc470\routes\index.js.map
C:\Users\helene\Desktop\csc470new\csc470\routes\routes.js
C:\Users\helene\Desktop\csc470new\csc470\routes\routes.js.map
C:\Users\helene\Desktop\csc470new\csc470\routes\user.js
C:\Users\helene\Desktop\csc470new\csc470\routes\user.js.map
C:\Users\helene\Desktop\csc470new\csc470\config\database.js
C:\Users\helene\Desktop\csc470new\csc470\config\database.js.map
C:\Users\helene\Desktop\csc470new\csc470\config\passport.js
C:\Users\helene\Desktop\csc470new\csc470\config\passport.js.map
C:\Users\helene\Desktop\csc470new\csc470\app.js
C:\Users\helene\Desktop\csc470new\csc470\app.js.map
C:\Users\helene\Desktop\csc470new\csc470\routes\index.js
C:\Users\helene\Desktop\csc470new\csc470\routes\index.js.map
C:\Users\helene\Desktop\csc470new\csc470\routes\routes.js
C:\Users\helene\Desktop\csc470new\csc470\routes\routes.js.map
C:\Users\helene\Desktop\csc470new\csc470\routes\user.js
C:\Users\helene\Desktop\csc470new\csc470\routes\user.js.map
C:\Users\helene\Desktop\csc470new\csc470\config\database.js
C:\Users\helene\Desktop\csc470new\csc470\config\database.js.map
C:\Users\helene\Desktop\csc470new\csc470\config\passport.js
C:\Users\helene\Desktop\csc470new\csc470\config\passport.js.map
C:\Users\helene\Desktop\csc470new\csc470\app.js
C:\Users\helene\Desktop\csc470new\csc470\app.js.map
C:\Users\helene\Desktop\csc470new\csc470\routes\index.js
C:\Users\helene\Desktop\csc470new\csc470\routes\index.js.map
C:\Users\helene\Desktop\csc470new\csc470\routes\routes.js
C:\Users\helene\Desktop\csc470new\csc470\routes\routes.js.map
C:\Users\helene\Desktop\csc470new\csc470\routes\user.js
C:\Users\helene\Desktop\csc470new\csc470\routes\user.js.map
C:\Users\helene\Desktop\csc470new\csc470\config\database.js
C:\Users\helene\Desktop\csc470new\csc470\config\database.js.map
C:\Users\helene\Desktop\csc470new\csc470\config\passport.js
C:\Users\helene\Desktop\csc470new\csc470\config\passport.js.map
C:\Users\helene\Desktop\csc470new\csc470\app.js
C:\Users\helene\Desktop\csc470new\csc470\app.js.map
C:\Users\helene\Desktop\csc470new\csc470\routes\index.js
C:\Users\helene\Desktop\csc470new\csc470\routes\index.js.map
C:\Users\helene\Desktop\csc470new\csc470\routes\routes.js
C:\Users\helene\Desktop\csc470new\csc470\routes\routes.js.map
C:\Users\helene\Desktop\csc470new\csc470\routes\user.js
C:\Users\helene\Desktop\csc470new\csc470\routes\user.js.map
C:\Users\helene\Desktop\csc470new\csc470\config\database.js
C:\Users\helene\Desktop\csc470new\csc470\config\database.js.map
C:\Users\helene\Desktop\csc470new\csc470\config\passport.js
C:\Users\helene\Desktop\csc470new\csc470\config\passport.js.map
C:\Users\helene\Desktop\csc470new\csc470\app.js
C:\Users\helene\Desktop\csc470new\csc470\app.js.map
C:\Users\helene\Desktop\csc470new\csc470\routes\index.js
C:\Users\helene\Desktop\csc470new\csc470\routes\index.js.map
C:\Users\helene\Desktop\csc470new\csc470\routes\routes.js
C:\Users\helene\Desktop\csc470new\csc470\routes\routes.js.map
C:\Users\helene\Desktop\csc470new\csc470\routes\user.js
C:\Users\helene\Desktop\csc470new\csc470\routes\user.js.map
C:\Users\helene\Desktop\csc470new\csc470\config\database.js
C:\Users\helene\Desktop\csc470new\csc470\config\database.js.map
C:\Users\helene\Desktop\csc470new\csc470\config\passport.js
C:\Users\helene\Desktop\csc470new\csc470\config\passport.js.map
C:\Users\helene\Desktop\csc470new\csc470\app.js
C:\Users\helene\Desktop\csc470new\csc470\app.js.map
C:\Users\helene\Desktop\csc470new\csc470\routes\index.js
C:\Users\helene\Desktop\csc470new\csc470\routes\index.js.map
C:\Users\helene\Desktop\csc470new\csc470\routes\routes.js
C:\Users\helene\Desktop\csc470new\csc470\routes\routes.js.map
C:\Users\helene\Desktop\csc470new\csc470\routes\user.js
C:\Users\helene\Desktop\csc470new\csc470\routes\user.js.map
C:\Users\helene\Desktop\csc470new\csc470\config\database.js
C:\Users\helene\Desktop\csc470new\csc470\config\database.js.map
C:\Users\helene\Desktop\csc470new\csc470\config\passport.js
C:\Users\helene\Desktop\csc470new\csc470\config\passport.js.map
C:\Users\helene\Desktop\csc470new\csc470\app.js
C:\Users\helene\Desktop\csc470new\csc470\app.js.map
C:\Users\helene\Desktop\csc470new\csc470\routes\index.js
C:\Users\helene\Desktop\csc470new\csc470\routes\index.js.map
C:\Users\helene\Desktop\csc470new\csc470\routes\routes.js
C:\Users\helene\Desktop\csc470new\csc470\routes\routes.js.map
C:\Users\helene\Desktop\csc470new\csc470\routes\user.js
C:\Users\helene\Desktop\csc470new\csc470\routes\user.js.map
C:\Users\helene\Desktop\csc470new\csc470\config\database.js
C:\Users\helene\Desktop\csc470new\csc470\config\database.js.map
C:\Users\helene\Desktop\csc470new\csc470\config\passport.js
C:\Users\helene\Desktop\csc470new\csc470\config\passport.js.map
C:\Users\helene\Desktop\csc470new\csc470\app.js
C:\Users\helene\Desktop\csc470new\csc470\app.js.map
C:\Users\helene\Desktop\csc470new\csc470\routes\index.js
C:\Users\helene\Desktop\csc470new\csc470\routes\index.js.map
C:\Users\helene\Desktop\csc470new\csc470\routes\routes.js
C:\Users\helene\Desktop\csc470new\csc470\routes\routes.js.map
C:\Users\helene\Desktop\csc470new\csc470\routes\user.js
C:\Users\helene\Desktop\csc470new\csc470\routes\user.js.map
C:\Users\helene\Desktop\csc470new\csc470\config\database.js
C:\Users\helene\Desktop\csc470new\csc470\config\database.js.map
C:\Users\helene\Desktop\csc470new\csc470\config\passport.js
C:\Users\helene\Desktop\csc470new\csc470\config\passport.js.map
C:\Users\helene\Desktop\csc470new\csc470\app.js
C:\Users\helene\Desktop\csc470new\csc470\app.js.map
C:\Users\helene\Desktop\csc470new\csc470\routes\index.js
C:\Users\helene\Desktop\csc470new\csc470\routes\index.js.map
C:\Users\helene\Desktop\csc470new\csc470\routes\routes.js
C:\Users\helene\Desktop\csc470new\csc470\routes\routes.js.map
C:\Users\helene\Desktop\csc470new\csc470\routes\user.js
C:\Users\helene\Desktop\csc470new\csc470\routes\user.js.map
C:\Users\helene\Desktop\csc470new\csc470\config\database.js
C:\Users\helene\Desktop\csc470new\csc470\config\database.js.map
C:\Users\helene\Desktop\csc470new\csc470\config\passport.js
C:\Users\helene\Desktop\csc470new\csc470\config\passport.js.map
C:\Users\helene\Desktop\csc470new\csc470\app.js
C:\Users\helene\Desktop\csc470new\csc470\app.js.map
C:\Users\helene\Desktop\csc470new\csc470\routes\index.js
C:\Users\helene\Desktop\csc470new\csc470\routes\index.js.map
C:\Users\helene\Desktop\csc470new\csc470\routes\routes.js
C:\Users\helene\Desktop\csc470new\csc470\routes\routes.js.map
C:\Users\helene\Desktop\csc470new\csc470\routes\user.js
C:\Users\helene\Desktop\csc470new\csc470\routes\user.js.map
C:\Users\helene\Desktop\csc470new\csc470\config\database.js
C:\Users\helene\Desktop\csc470new\csc470\config\database.js.map
C:\Users\helene\Desktop\csc470new\csc470\config\passport.js
C:\Users\helene\Desktop\csc470new\csc470\config\passport.js.map
C:\Users\helene\Desktop\csc470new\csc470\app.js
C:\Users\helene\Desktop\csc470new\csc470\app.js.map
C:\Users\helene\Desktop\csc470new\csc470\routes\index.js
C:\Users\helene\Desktop\csc470new\csc470\routes\index.js.map
C:\Users\helene\Desktop\csc470new\csc470\routes\routes.js
C:\Users\helene\Desktop\csc470new\csc470\routes\routes.js.map
C:\Users\helene\Desktop\csc470new\csc470\routes\user.js
C:\Users\helene\Desktop\csc470new\csc470\routes\user.js.map
C:\Users\helene\Desktop\csc470new\csc470\config\database.js
C:\Users\helene\Desktop\csc470new\csc470\config\database.js.map
C:\Users\helene\Desktop\csc470new\csc470\config\passport.js
C:\Users\helene\Desktop\csc470new\csc470\config\passport.js.map
C:\Users\helene\Desktop\csc470new\csc470\app.js
C:\Users\helene\Desktop\csc470new\csc470\app.js.map
C:\Users\helene\Desktop\csc470new\csc470\routes\index.js
C:\Users\helene\Desktop\csc470new\csc470\routes\index.js.map
C:\Users\helene\Desktop\csc470new\csc470\routes\routes.js
C:\Users\helene\Desktop\csc470new\csc470\routes\routes.js.map
C:\Users\helene\Desktop\csc470new\csc470\routes\user.js
C:\Users\helene\Desktop\csc470new\csc470\routes\user.js.map
C:\Users\helene\Desktop\csc470new\csc470\config\database.js
C:\Users\helene\Desktop\csc470new\csc470\config\database.js.map
C:\Users\helene\Desktop\csc470new\csc470\config\passport.js
C:\Users\helene\Desktop\csc470new\csc470\config\passport.js.map
C:\Users\helene\Desktop\csc470new\csc470\app.js
C:\Users\helene\Desktop\csc470new\csc470\app.js.map
C:\Users\helene\Desktop\csc470new\csc470\routes\index.js
C:\Users\helene\Desktop\csc470new\csc470\routes\index.js.map
C:\Users\helene\Desktop\csc470new\csc470\routes\routes.js
C:\Users\helene\Desktop\csc470new\csc470\routes\routes.js.map
C:\Users\helene\Desktop\csc470new\csc470\routes\user.js
C:\Users\helene\Desktop\csc470new\csc470\routes\user.js.map
C:\Users\helene\Desktop\csc470new\csc470\config\database.js
C:\Users\helene\Desktop\csc470new\csc470\config\database.js.map
C:\Users\helene\Desktop\csc470new\csc470\config\passport.js
C:\Users\helene\Desktop\csc470new\csc470\config\passport.js.map
C:\Users\helene\Desktop\csc470new\csc470\app.js
C:\Users\helene\Desktop\csc470new\csc470\app.js.map
C:\Users\helene\Desktop\csc470new\csc470\routes\index.js
C:\Users\helene\Desktop\csc470new\csc470\routes\index.js.map
C:\Users\helene\Desktop\csc470new\csc470\routes\routes.js
C:\Users\helene\Desktop\csc470new\csc470\routes\routes.js.map
C:\Users\helene\Desktop\csc470new\csc470\routes\user.js
C:\Users\helene\Desktop\csc470new\csc470\routes\user.js.map
C:\Users\helene\Desktop\csc470new\csc470\config\database.js
C:\Users\helene\Desktop\csc470new\csc470\config\database.js.map
C:\Users\helene\Desktop\csc470new\csc470\config\passport.js
C:\Users\helene\Desktop\csc470new\csc470\config\passport.js.map
C:\Users\helene\Desktop\csc470new\csc470\app.js
C:\Users\helene\Desktop\csc470new\csc470\app.js.map
C:\Users\helene\Desktop\csc470new\csc470\routes\index.js
C:\Users\helene\Desktop\csc470new\csc470\routes\index.js.map
C:\Users\helene\Desktop\csc470new\csc470\routes\user.js
C:\Users\helene\Desktop\csc470new\csc470\routes\user.js.map
C:\Users\helene\Desktop\csc470new\csc470\old_app.js
C:\Users\helene\Desktop\csc470new\csc470\old_app.js.map
C:\Users\helene\Desktop\csc470new\csc470\routes\routes.js
C:\Users\helene\Desktop\csc470new\csc470\routes\routes.js.map
C:\Users\helene\Desktop\csc470new\csc470\config\database.js
C:\Users\helene\Desktop\csc470new\csc470\config\database.js.map
C:\Users\helene\Desktop\csc470new\csc470\config\passport.js
C:\Users\helene\Desktop\csc470new\csc470\config\passport.js.map
C:\Users\helene\Desktop\csc470new\csc470\app.js
C:\Users\helene\Desktop\csc470new\csc470\app.js.map
C:\Users\helene\Desktop\csc470new\csc470\routes\index.js
C:\Users\helene\Desktop\csc470new\csc470\routes\index.js.map
C:\Users\helene\Desktop\csc470new\csc470\routes\routes.js
C:\Users\helene\Desktop\csc470new\csc470\routes\routes.js.map
C:\Users\helene\Desktop\csc470new\csc470\routes\user.js
C:\Users\helene\Desktop\csc470new\csc470\routes\user.js.map
C:\Users\helene\Desktop\csc470new\csc470\config\database.js
C:\Users\helene\Desktop\csc470new\csc470\config\database.js.map
C:\Users\helene\Desktop\csc470new\csc470\config\passport.js
C:\Users\helene\Desktop\csc470new\csc470\config\passport.js.map
C:\Users\helene\Desktop\csc470new\csc470\app.js
C:\Users\helene\Desktop\csc470new\csc470\app.js.map
C:\Users\helene\Desktop\csc470new\csc470\routes\index.js
C:\Users\helene\Desktop\csc470new\csc470\routes\index.js.map
C:\Users\helene\Desktop\csc470new\csc470\routes\routes.js
C:\Users\helene\Desktop\csc470new\csc470\routes\routes.js.map
C:\Users\helene\Desktop\csc470new\csc470\routes\user.js
C:\Users\helene\Desktop\csc470new\csc470\routes\user.js.map
C:\Users\helene\Desktop\csc470new\csc470\config\database.js
C:\Users\helene\Desktop\csc470new\csc470\config\database.js.map
C:\Users\helene\Desktop\csc470new\csc470\config\passport.js
C:\Users\helene\Desktop\csc470new\csc470\config\passport.js.map
C:\Users\helene\Desktop\csc470new\csc470\app.js
C:\Users\helene\Desktop\csc470new\csc470\app.js.map
C:\Users\helene\Desktop\csc470new\csc470\routes\index.js
C:\Users\helene\Desktop\csc470new\csc470\routes\index.js.map
C:\Users\helene\Desktop\csc470new\csc470\routes\routes.js
C:\Users\helene\Desktop\csc470new\csc470\routes\routes.js.map
C:\Users\helene\Desktop\csc470new\csc470\routes\user.js
C:\Users\helene\Desktop\csc470new\csc470\routes\user.js.map
C:\Users\helene\Desktop\csc470new\csc470\config\database.js
C:\Users\helene\Desktop\csc470new\csc470\config\database.js.map
C:\Users\helene\Desktop\csc470new\csc470\config\passport.js
C:\Users\helene\Desktop\csc470new\csc470\config\passport.js.map
C:\Users\helene\Desktop\csc470new\csc470\app.js
C:\Users\helene\Desktop\csc470new\csc470\app.js.map
C:\Users\helene\Desktop\csc470new\csc470\routes\index.js
C:\Users\helene\Desktop\csc470new\csc470\routes\index.js.map
C:\Users\helene\Desktop\csc470new\csc470\routes\routes.js
C:\Users\helene\Desktop\csc470new\csc470\routes\routes.js.map
C:\Users\helene\Desktop\csc470new\csc470\routes\user.js
C:\Users\helene\Desktop\csc470new\csc470\routes\user.js.map
C:\Users\helene\Desktop\csc470new\csc470\config\database.js
C:\Users\helene\Desktop\csc470new\csc470\config\database.js.map
C:\Users\helene\Desktop\csc470new\csc470\config\passport.js
C:\Users\helene\Desktop\csc470new\csc470\config\passport.js.map
C:\Users\helene\Desktop\csc470new\csc470\app.js
C:\Users\helene\Desktop\csc470new\csc470\app.js.map
C:\Users\helene\Desktop\csc470new\csc470\routes\index.js
C:\Users\helene\Desktop\csc470new\csc470\routes\index.js.map
C:\Users\helene\Desktop\csc470new\csc470\routes\routes.js
C:\Users\helene\Desktop\csc470new\csc470\routes\routes.js.map
C:\Users\helene\Desktop\csc470new\csc470\routes\user.js
C:\Users\helene\Desktop\csc470new\csc470\routes\user.js.map
C:\Users\helene\Desktop\csc470new\csc470\config\database.js
C:\Users\helene\Desktop\csc470new\csc470\config\database.js.map
C:\Users\helene\Desktop\csc470new\csc470\config\passport.js
C:\Users\helene\Desktop\csc470new\csc470\config\passport.js.map
C:\Users\helene\Desktop\csc470new\csc470\app.js
C:\Users\helene\Desktop\csc470new\csc470\app.js.map
C:\Users\helene\Desktop\csc470new\csc470\routes\index.js
C:\Users\helene\Desktop\csc470new\csc470\routes\index.js.map
C:\Users\helene\Desktop\csc470new\csc470\routes\routes.js
C:\Users\helene\Desktop\csc470new\csc470\routes\routes.js.map
C:\Users\helene\Desktop\csc470new\csc470\routes\user.js
C:\Users\helene\Desktop\csc470new\csc470\routes\user.js.map
C:\Users\helene\Desktop\csc470new\csc470\config\database.js
C:\Users\helene\Desktop\csc470new\csc470\config\database.js.map
C:\Users\helene\Desktop\csc470new\csc470\config\passport.js
C:\Users\helene\Desktop\csc470new\csc470\config\passport.js.map
C:\Users\helene\Desktop\csc470new\csc470\app.js
C:\Users\helene\Desktop\csc470new\csc470\app.js.map
C:\Users\helene\Desktop\csc470new\csc470\routes\index.js
C:\Users\helene\Desktop\csc470new\csc470\routes\index.js.map
C:\Users\helene\Desktop\csc470new\csc470\routes\routes.js
C:\Users\helene\Desktop\csc470new\csc470\routes\routes.js.map
C:\Users\helene\Desktop\csc470new\csc470\routes\user.js
C:\Users\helene\Desktop\csc470new\csc470\routes\user.js.map
C:\Users\helene\Desktop\csc470new\csc470\config\database.js
C:\Users\helene\Desktop\csc470new\csc470\config\database.js.map
C:\Users\helene\Desktop\csc470new\csc470\config\passport.js
C:\Users\helene\Desktop\csc470new\csc470\config\passport.js.map
C:\Users\helene\Desktop\csc470new\csc470\app.js
C:\Users\helene\Desktop\csc470new\csc470\app.js.map
C:\Users\helene\Desktop\csc470new\csc470\routes\index.js
C:\Users\helene\Desktop\csc470new\csc470\routes\index.js.map
C:\Users\helene\Desktop\csc470new\csc470\routes\routes.js
C:\Users\helene\Desktop\csc470new\csc470\routes\routes.js.map
C:\Users\helene\Desktop\csc470new\csc470\routes\user.js
C:\Users\helene\Desktop\csc470new\csc470\routes\user.js.map
C:\Users\helene\Desktop\csc470new\csc470\config\database.js
C:\Users\helene\Desktop\csc470new\csc470\config\database.js.map
C:\Users\helene\Desktop\csc470new\csc470\config\passport.js
C:\Users\helene\Desktop\csc470new\csc470\config\passport.js.map
C:\Users\helene\Desktop\csc470new\csc470\app.js
C:\Users\helene\Desktop\csc470new\csc470\app.js.map
C:\Users\helene\Desktop\csc470new\csc470\routes\index.js
C:\Users\helene\Desktop\csc470new\csc470\routes\index.js.map
C:\Users\helene\Desktop\csc470new\csc470\routes\routes.js
C:\Users\helene\Desktop\csc470new\csc470\routes\routes.js.map
C:\Users\helene\Desktop\csc470new\csc470\routes\user.js
C:\Users\helene\Desktop\csc470new\csc470\routes\user.js.map
C:\Users\helene\Desktop\csc470new\csc470\config\database.js
C:\Users\helene\Desktop\csc470new\csc470\config\database.js.map
C:\Users\helene\Desktop\csc470new\csc470\config\passport.js
C:\Users\helene\Desktop\csc470new\csc470\config\passport.js.map
C:\Users\helene\Desktop\csc470new\csc470\app.js
C:\Users\helene\Desktop\csc470new\csc470\app.js.map
C:\Users\helene\Desktop\csc470new\csc470\routes\index.js
C:\Users\helene\Desktop\csc470new\csc470\routes\index.js.map
C:\Users\helene\Desktop\csc470new\csc470\routes\routes.js
C:\Users\helene\Desktop\csc470new\csc470\routes\routes.js.map
C:\Users\helene\Desktop\csc470new\csc470\routes\user.js
C:\Users\helene\Desktop\csc470new\csc470\routes\user.js.map
C:\Users\helene\Desktop\csc470new\csc470\config\database.js
C:\Users\helene\Desktop\csc470new\csc470\config\database.js.map
C:\Users\helene\Desktop\csc470new\csc470\config\passport.js
C:\Users\helene\Desktop\csc470new\csc470\config\passport.js.map
C:\Users\helene\Desktop\csc470new\csc470\app.js
C:\Users\helene\Desktop\csc470new\csc470\app.js.map
C:\Users\helene\Desktop\csc470new\csc470\routes\index.js
C:\Users\helene\Desktop\csc470new\csc470\routes\index.js.map
C:\Users\helene\Desktop\csc470new\csc470\routes\routes.js
C:\Users\helene\Desktop\csc470new\csc470\routes\routes.js.map
C:\Users\helene\Desktop\csc470new\csc470\routes\user.js
C:\Users\helene\Desktop\csc470new\csc470\routes\user.js.map
C:\Users\helene\Desktop\csc470new\csc470\config\database.js
C:\Users\helene\Desktop\csc470new\csc470\config\database.js.map
C:\Users\helene\Desktop\csc470new\csc470\config\passport.js
C:\Users\helene\Desktop\csc470new\csc470\config\passport.js.map
